# JRE version: Java(TM) SE Runtime Environment (7.0_79-b15) (build 1.7.0_79-b15)
# Java VM: Java HotSpot(TM) 64-Bit Server VM (24.79-b02 mixed mode windows-amd64 compressed oops)
Heap
 PSYoungGen      total 165888K, used 102682K [0x00000000eaa80000, 0x00000000fbb80000, 0x0000000100000000)
  eden space 159232K, 63% used [0x00000000eaa80000,0x00000000f0d509e0,0x00000000f4600000)
  from space 6656K, 22% used [0x00000000f4600000,0x00000000f4775fe8,0x00000000f4c80000)
  to   space 12288K, 0% used [0x00000000faf80000,0x00000000faf80000,0x00000000fbb80000)
 ParOldGen       total 47616K, used 27065K [0x00000000c0000000, 0x00000000c2e80000, 0x00000000eaa80000)
  object space 47616K, 56% used [0x00000000c0000000,0x00000000c1a6e650,0x00000000c2e80000)
 PSPermGen       total 65536K, used 37838K [0x00000000b0000000, 0x00000000b4000000, 0x00000000c0000000)
  object space 65536K, 57% used [0x00000000b0000000,0x00000000b24f3870,0x00000000b4000000)
GC Heap History (10 events):
Event: 12.381 GC heap before
{Heap before GC invocations=10 (full 0):
 PSYoungGen      total 69120K, used 64388K [0x00000000eaa80000, 0x00000000f1980000, 0x0000000100000000)
  eden space 61952K, 100% used [0x00000000eaa80000,0x00000000ee700000,0x00000000ee700000)
  from space 7168K, 33% used [0x00000000ee700000,0x00000000ee961100,0x00000000eee00000)
  to   space 7168K, 0% used [0x00000000f1280000,0x00000000f1280000,0x00000000f1980000)
 ParOldGen       total 20480K, used 10709K [0x00000000c0000000, 0x00000000c1400000, 0x00000000eaa80000)
  object space 20480K, 52% used [0x00000000c0000000,0x00000000c0a757c0,0x00000000c1400000)
 PSPermGen       total 22528K, used 22438K [0x00000000b0000000, 0x00000000b1600000, 0x00000000c0000000)
  object space 22528K, 99% used [0x00000000b0000000,0x00000000b15e99d8,0x00000000b1600000)
Event: 12.429 GC heap after
Heap after GC invocations=10 (full 0):
 PSYoungGen      total 105472K, used 3234K [0x00000000eaa80000, 0x00000000f1880000, 0x0000000100000000)
  eden space 99328K, 0% used [0x00000000eaa80000,0x00000000eaa80000,0x00000000f0b80000)
  from space 6144K, 52% used [0x00000000f1280000,0x00000000f15a8b58,0x00000000f1880000)
  to   space 6656K, 0% used [0x00000000f0b80000,0x00000000f0b80000,0x00000000f1200000)
 ParOldGen       total 20480K, used 12758K [0x00000000c0000000, 0x00000000c1400000, 0x00000000eaa80000)
  object space 20480K, 62% used [0x00000000c0000000,0x00000000c0c75848,0x00000000c1400000)
 PSPermGen       total 22528K, used 22438K [0x00000000b0000000, 0x00000000b1600000, 0x00000000c0000000)
  object space 22528K, 99% used [0x00000000b0000000,0x00000000b15e99d8,0x00000000b1600000)
}
Event: 13.587 GC heap before
{Heap before GC invocations=11 (full 0):
 PSYoungGen      total 105472K, used 102562K [0x00000000eaa80000, 0x00000000f1880000, 0x0000000100000000)
  eden space 99328K, 100% used [0x00000000eaa80000,0x00000000f0b80000,0x00000000f0b80000)
  from space 6144K, 52% used [0x00000000f1280000,0x00000000f15a8b58,0x00000000f1880000)
  to   space 6656K, 0% used [0x00000000f0b80000,0x00000000f0b80000,0x00000000f1200000)
 ParOldGen       total 20480K, used 12758K [0x00000000c0000000, 0x00000000c1400000, 0x00000000eaa80000)
  object space 20480K, 62% used [0x00000000c0000000,0x00000000c0c75848,0x00000000c1400000)
 PSPermGen       total 22528K, used 22463K [0x00000000b0000000, 0x00000000b1600000, 0x00000000c0000000)
  object space 22528K, 99% used [0x00000000b0000000,0x00000000b15efda8,0x00000000b1600000)
Event: 13.630 GC heap after
Heap after GC invocations=11 (full 0):
 PSYoungGen      total 105984K, used 432K [0x00000000eaa80000, 0x00000000f5300000, 0x0000000100000000)
  eden space 99328K, 0% used [0x00000000eaa80000,0x00000000eaa80000,0x00000000f0b80000)
  from space 6656K, 6% used [0x00000000f0b80000,0x00000000f0bec010,0x00000000f1200000)
  to   space 6656K, 0% used [0x00000000f4c80000,0x00000000f4c80000,0x00000000f5300000)
 ParOldGen       total 20480K, used 15033K [0x00000000c0000000, 0x00000000c1400000, 0x00000000eaa80000)
  object space 20480K, 73% used [0x00000000c0000000,0x00000000c0eae490,0x00000000c1400000)
 PSPermGen       total 22528K, used 22463K [0x00000000b0000000, 0x00000000b1600000, 0x00000000c0000000)
  object space 22528K, 99% used [0x00000000b0000000,0x00000000b15efda8,0x00000000b1600000)
}
Event: 14.551 GC heap before
{Heap before GC invocations=12 (full 0):
 PSYoungGen      total 105984K, used 99760K [0x00000000eaa80000, 0x00000000f5300000, 0x0000000100000000)
  eden space 99328K, 100% used [0x00000000eaa80000,0x00000000f0b80000,0x00000000f0b80000)
  from space 6656K, 6% used [0x00000000f0b80000,0x00000000f0bec010,0x00000000f1200000)
  to   space 6656K, 0% used [0x00000000f4c80000,0x00000000f4c80000,0x00000000f5300000)
 ParOldGen       total 20480K, used 15033K [0x00000000c0000000, 0x00000000c1400000, 0x00000000eaa80000)
  object space 20480K, 73% used [0x00000000c0000000,0x00000000c0eae490,0x00000000c1400000)
 PSPermGen       total 22528K, used 22480K [0x00000000b0000000, 0x00000000b1600000, 0x00000000c0000000)
  object space 22528K, 99% used [0x00000000b0000000,0x00000000b15f4178,0x00000000b1600000)
Event: 14.556 GC heap after
Heap after GC invocations=12 (full 0):
 PSYoungGen      total 165888K, used 672K [0x00000000eaa80000, 0x00000000f5300000, 0x0000000100000000)
  eden space 159232K, 0% used [0x00000000eaa80000,0x00000000eaa80000,0x00000000f4600000)
  from space 6656K, 10% used [0x00000000f4c80000,0x00000000f4d28010,0x00000000f5300000)
  to   space 6656K, 0% used [0x00000000f4600000,0x00000000f4600000,0x00000000f4c80000)
 ParOldGen       total 20480K, used 15409K [0x00000000c0000000, 0x00000000c1400000, 0x00000000eaa80000)
  object space 20480K, 75% used [0x00000000c0000000,0x00000000c0f0c490,0x00000000c1400000)
 PSPermGen       total 22528K, used 22480K [0x00000000b0000000, 0x00000000b1600000, 0x00000000c0000000)
  object space 22528K, 99% used [0x00000000b0000000,0x00000000b15f4178,0x00000000b1600000)
}
Event: 24.855 GC heap before
{Heap before GC invocations=13 (full 0):
 PSYoungGen      total 165888K, used 159904K [0x00000000eaa80000, 0x00000000f5300000, 0x0000000100000000)
  eden space 159232K, 100% used [0x00000000eaa80000,0x00000000f4600000,0x00000000f4600000)
  from space 6656K, 10% used [0x00000000f4c80000,0x00000000f4d28010,0x00000000f5300000)
  to   space 6656K, 0% used [0x00000000f4600000,0x00000000f4600000,0x00000000f4c80000)
 ParOldGen       total 20480K, used 15409K [0x00000000c0000000, 0x00000000c1400000, 0x00000000eaa80000)
  object space 20480K, 75% used [0x00000000c0000000,0x00000000c0f0c490,0x00000000c1400000)
 PSPermGen       total 32768K, used 32614K [0x00000000b0000000, 0x00000000b2000000, 0x00000000c0000000)
  object space 32768K, 99% used [0x00000000b0000000,0x00000000b1fd9b68,0x00000000b2000000)
Event: 24.974 GC heap after
Heap after GC invocations=13 (full 0):
 PSYoungGen      total 165888K, used 6628K [0x00000000eaa80000, 0x00000000fbb80000, 0x0000000100000000)
  eden space 159232K, 0% used [0x00000000eaa80000,0x00000000eaa80000,0x00000000f4600000)
  from space 6656K, 99% used [0x00000000f4600000,0x00000000f4c79020,0x00000000f4c80000)
  to   space 12288K, 0% used [0x00000000faf80000,0x00000000faf80000,0x00000000fbb80000)
 ParOldGen       total 27136K, used 27089K [0x00000000c0000000, 0x00000000c1a80000, 0x00000000eaa80000)
  object space 27136K, 99% used [0x00000000c0000000,0x00000000c1a745b0,0x00000000c1a80000)
 PSPermGen       total 32768K, used 32614K [0x00000000b0000000, 0x00000000b2000000, 0x00000000c0000000)
  object space 32768K, 99% used [0x00000000b0000000,0x00000000b1fd9b68,0x00000000b2000000)
}
Event: 24.981 GC heap before
{Heap before GC invocations=14 (full 1):
 PSYoungGen      total 165888K, used 6628K [0x00000000eaa80000, 0x00000000fbb80000, 0x0000000100000000)
  eden space 159232K, 0% used [0x00000000eaa80000,0x00000000eaa80000,0x00000000f4600000)
  from space 6656K, 99% used [0x00000000f4600000,0x00000000f4c79020,0x00000000f4c80000)
  to   space 12288K, 0% used [0x00000000faf80000,0x00000000faf80000,0x00000000fbb80000)
 ParOldGen       total 27136K, used 27089K [0x00000000c0000000, 0x00000000c1a80000, 0x00000000eaa80000)
  object space 27136K, 99% used [0x00000000c0000000,0x00000000c1a745b0,0x00000000c1a80000)
 PSPermGen       total 32768K, used 32614K [0x00000000b0000000, 0x00000000b2000000, 0x00000000c0000000)
  object space 32768K, 99% used [0x00000000b0000000,0x00000000b1fd9b68,0x00000000b2000000)
Event: 25.881 GC heap after
Heap after GC invocations=14 (full 1):
 PSYoungGen      total 165888K, used 1495K [0x00000000eaa80000, 0x00000000fbb80000, 0x0000000100000000)
  eden space 159232K, 0% used [0x00000000eaa80000,0x00000000eaa80000,0x00000000f4600000)
  from space 6656K, 22% used [0x00000000f4600000,0x00000000f4775fe8,0x00000000f4c80000)
  to   space 12288K, 0% used [0x00000000faf80000,0x00000000faf80000,0x00000000fbb80000)
 ParOldGen       total 47616K, used 27065K [0x00000000c0000000, 0x00000000c2e80000, 0x00000000eaa80000)
  object space 47616K, 56% used [0x00000000c0000000,0x00000000c1a6e650,0x00000000c2e80000)
 PSPermGen       total 65536K, used 32600K [0x00000000b0000000, 0x00000000b4000000, 0x00000000c0000000)
  object space 65536K, 49% used [0x00000000b0000000,0x00000000b1fd6070,0x00000000b4000000)
}

